<?xml version="1.0" encoding="UTF-8"?>
<testng-results ignored="0" total="4" passed="3" failed="1" skipped="0">
  <reporter-output>
  </reporter-output>
  <suite started-at="2019-12-23T01:34:03Z" name="Suite" finished-at="2019-12-23T01:34:37Z" duration-ms="33597">
    <groups>
    </groups>
    <test started-at="2019-12-23T01:34:03Z" name="Validating Title" finished-at="2019-12-23T01:34:12Z" duration-ms="8797">
      <class name="Academy.ValidateTitle">
        <test-method is-config="true" signature="startUp()[pri:0, instance:Academy.ValidateTitle@30bcf3c1]" started-at="2019-12-23T01:34:03Z" name="startUp" finished-at="2019-12-23T01:34:11Z" duration-ms="7595" status="PASS">
          <reporter-output>
          </reporter-output>
        </test-method> <!-- startUp -->
        <test-method signature="basePageNavigation()[pri:0, instance:Academy.ValidateTitle@30bcf3c1]" started-at="2019-12-23T01:34:11Z" name="basePageNavigation" finished-at="2019-12-23T01:34:11Z" duration-ms="42" status="FAIL">
          <exception class="java.lang.AssertionError">
            <message>
              <![CDATA[expected [FEATURED COURSES123] but found [FEATURED COURSES]]]>
            </message>
            <full-stacktrace>
              <![CDATA[java.lang.AssertionError: expected [FEATURED COURSES123] but found [FEATURED COURSES]
at org.testng.Assert.fail(Assert.java:96)
at org.testng.Assert.failNotEquals(Assert.java:776)
at org.testng.Assert.assertEqualsImpl(Assert.java:137)
at org.testng.Assert.assertEquals(Assert.java:118)
at org.testng.Assert.assertEquals(Assert.java:453)
at org.testng.Assert.assertEquals(Assert.java:463)
at Academy.ValidateTitle.basePageNavigation(ValidateTitle.java:35)
at java.base/jdk.internal.reflect.NativeMethodAccessorImpl.invoke0(Native Method)
at java.base/jdk.internal.reflect.NativeMethodAccessorImpl.invoke(NativeMethodAccessorImpl.java:62)
at java.base/jdk.internal.reflect.DelegatingMethodAccessorImpl.invoke(DelegatingMethodAccessorImpl.java:43)
at java.base/java.lang.reflect.Method.invoke(Method.java:567)
at org.testng.internal.MethodInvocationHelper.invokeMethod(MethodInvocationHelper.java:124)
at org.testng.internal.Invoker.invokeMethod(Invoker.java:583)
at org.testng.internal.Invoker.invokeTestMethod(Invoker.java:719)
at org.testng.internal.Invoker.invokeTestMethods(Invoker.java:989)
at org.testng.internal.TestMethodWorker.invokeTestMethods(TestMethodWorker.java:125)
at org.testng.internal.TestMethodWorker.run(TestMethodWorker.java:109)
at org.testng.TestRunner.privateRun(TestRunner.java:648)
at org.testng.TestRunner.run(TestRunner.java:505)
at org.testng.SuiteRunner.runTest(SuiteRunner.java:455)
at org.testng.SuiteRunner.runSequentially(SuiteRunner.java:450)
at org.testng.SuiteRunner.privateRun(SuiteRunner.java:415)
at org.testng.SuiteRunner.run(SuiteRunner.java:364)
at org.testng.SuiteRunnerWorker.runSuite(SuiteRunnerWorker.java:52)
at org.testng.SuiteRunnerWorker.run(SuiteRunnerWorker.java:84)
at org.testng.TestNG.runSuitesSequentially(TestNG.java:1208)
at org.testng.TestNG.runSuitesLocally(TestNG.java:1137)
at org.testng.TestNG.runSuites(TestNG.java:1049)
at org.testng.TestNG.run(TestNG.java:1017)
at org.testng.remote.AbstractRemoteTestNG.run(AbstractRemoteTestNG.java:115)
at org.testng.remote.RemoteTestNG.initAndRun(RemoteTestNG.java:251)
at org.testng.remote.RemoteTestNG.main(RemoteTestNG.java:77)
]]>
            </full-stacktrace>
          </exception> <!-- java.lang.AssertionError -->
          <reporter-output>
          </reporter-output>
        </test-method> <!-- basePageNavigation -->
        <test-method is-config="true" signature="cleanUp()[pri:0, instance:Academy.ValidateTitle@30bcf3c1]" started-at="2019-12-23T01:34:12Z" name="cleanUp" finished-at="2019-12-23T01:34:12Z" duration-ms="197" status="PASS">
          <reporter-output>
          </reporter-output>
        </test-method> <!-- cleanUp -->
      </class> <!-- Academy.ValidateTitle -->
    </test> <!-- Validating Title -->
    <test started-at="2019-12-23T01:34:12Z" name="Validating Login" finished-at="2019-12-23T01:34:30Z" duration-ms="18286">
      <class name="Academy.HomePage">
        <test-method is-config="true" signature="startUp()[pri:0, instance:Academy.HomePage@5974109]" started-at="2019-12-23T01:34:12Z" name="startUp" finished-at="2019-12-23T01:34:13Z" duration-ms="1307" status="PASS">
          <reporter-output>
          </reporter-output>
        </test-method> <!-- startUp -->
        <test-method signature="basePageNavigation(java.lang.String, java.lang.String, java.lang.String)[pri:0, instance:Academy.HomePage@5974109]" started-at="2019-12-23T01:34:13Z" name="basePageNavigation" data-provider="getData" finished-at="2019-12-23T01:34:24Z" duration-ms="11051" status="PASS">
          <params>
            <param index="0">
              <value>
                <![CDATA[non-restricted@user]]>
              </value>
            </param>
            <param index="1">
              <value>
                <![CDATA[nrpassword]]>
              </value>
            </param>
            <param index="2">
              <value>
                <![CDATA[NR]]>
              </value>
            </param>
          </params>
          <reporter-output>
          </reporter-output>
        </test-method> <!-- basePageNavigation -->
        <test-method signature="basePageNavigation(java.lang.String, java.lang.String, java.lang.String)[pri:0, instance:Academy.HomePage@5974109]" started-at="2019-12-23T01:34:24Z" name="basePageNavigation" data-provider="getData" finished-at="2019-12-23T01:34:30Z" duration-ms="5734" status="PASS">
          <params>
            <param index="0">
              <value>
                <![CDATA[restricted@user]]>
              </value>
            </param>
            <param index="1">
              <value>
                <![CDATA[rpassword]]>
              </value>
            </param>
            <param index="2">
              <value>
                <![CDATA[R]]>
              </value>
            </param>
          </params>
          <reporter-output>
          </reporter-output>
        </test-method> <!-- basePageNavigation -->
        <test-method is-config="true" signature="cleanUp()[pri:0, instance:Academy.HomePage@5974109]" started-at="2019-12-23T01:34:30Z" name="cleanUp" finished-at="2019-12-23T01:34:30Z" duration-ms="186" status="PASS">
          <reporter-output>
          </reporter-output>
        </test-method> <!-- cleanUp -->
      </class> <!-- Academy.HomePage -->
    </test> <!-- Validating Login -->
    <test started-at="2019-12-23T01:34:30Z" name="Validating Navigation Bar" finished-at="2019-12-23T01:34:37Z" duration-ms="6459">
      <class name="Academy.ValidateNavBar">
        <test-method is-config="true" signature="startUp()[pri:0, instance:Academy.ValidateNavBar@4fbda97b]" started-at="2019-12-23T01:34:30Z" name="startUp" finished-at="2019-12-23T01:34:37Z" duration-ms="6203" status="PASS">
          <reporter-output>
          </reporter-output>
        </test-method> <!-- startUp -->
        <test-method signature="basePageNavigation()[pri:0, instance:Academy.ValidateNavBar@4fbda97b]" started-at="2019-12-23T01:34:37Z" name="basePageNavigation" finished-at="2019-12-23T01:34:37Z" duration-ms="86" status="PASS">
          <reporter-output>
          </reporter-output>
        </test-method> <!-- basePageNavigation -->
        <test-method is-config="true" signature="cleanUp()[pri:0, instance:Academy.ValidateNavBar@4fbda97b]" started-at="2019-12-23T01:34:37Z" name="cleanUp" finished-at="2019-12-23T01:34:37Z" duration-ms="166" status="PASS">
          <reporter-output>
          </reporter-output>
        </test-method> <!-- cleanUp -->
      </class> <!-- Academy.ValidateNavBar -->
    </test> <!-- Validating Navigation Bar -->
  </suite> <!-- Suite -->
</testng-results>
